0 info it worked if it ends with ok
1 verbose cli [ '/usr/bin/node', '/usr/bin/npm', 'install', 'grunt', '-g' ]
2 info using npm@1.4.29
3 info using node@v0.10.41
4 verbose node symlink /usr/bin/node
5 warn deprecated This version of npm lacks support for important features,
6 warn deprecated such as scoped packages, offered by the primary npm
7 warn deprecated registry. Consider upgrading to at least npm@2, if not the
8 warn deprecated latest stable version. To upgrade to npm@2, run:
9 warn deprecated npm -g install npm@latest-2
10 warn deprecated To upgrade to the latest stable version, run:
11 warn deprecated npm -g install npm@latest
12 warn deprecated (Depending on how Node.js was installed on your system, you
13 warn deprecated may need to prefix the preceding commands with `sudo`, or if
14 warn deprecated on Windows, run them from an Administrator prompt.)
15 warn deprecated If you're running the version of npm bundled with
16 warn deprecated Node.js 0.10 LTS, be aware that the next version of 0.10 LTS
17 warn deprecated will be bundled with a version of npm@2, which has some small
18 warn deprecated backwards-incompatible changes made to `npm run-script` and
19 warn deprecated semver behavior.
20 verbose cache add [ 'grunt', null ]
21 verbose cache add name=undefined spec="grunt" args=["grunt",null]
22 verbose parsed url { protocol: null,
22 verbose parsed url   slashes: null,
22 verbose parsed url   auth: null,
22 verbose parsed url   host: null,
22 verbose parsed url   port: null,
22 verbose parsed url   hostname: null,
22 verbose parsed url   hash: null,
22 verbose parsed url   search: null,
22 verbose parsed url   query: null,
22 verbose parsed url   pathname: 'grunt',
22 verbose parsed url   path: 'grunt',
22 verbose parsed url   href: 'grunt' }
23 silly lockFile 20ff3fd8-grunt grunt
24 verbose lock grunt /home/vagrant/.npm/20ff3fd8-grunt.lock
25 silly lockFile 20ff3fd8-grunt grunt
26 silly lockFile 20ff3fd8-grunt grunt
27 verbose addNamed [ 'grunt', '' ]
28 verbose addNamed [ null, '*' ]
29 silly lockFile 55f1ff24-grunt grunt@
30 verbose lock grunt@ /home/vagrant/.npm/55f1ff24-grunt.lock
31 silly addNameRange { name: 'grunt', range: '*', hasData: false }
32 verbose request where is /grunt
33 verbose request registry https://registry.npmjs.org/
34 verbose request id ca0871c5b907f2e2
35 verbose url raw /grunt
36 verbose url resolving [ 'https://registry.npmjs.org/', './grunt' ]
37 verbose url resolved https://registry.npmjs.org/grunt
38 verbose request where is https://registry.npmjs.org/grunt
39 info trying registry request attempt 1 at 16:54:04
40 http GET https://registry.npmjs.org/grunt
41 http 200 https://registry.npmjs.org/grunt
42 silly registry.get cb [ 200,
42 silly registry.get   { server: 'CouchDB/1.5.0 (Erlang OTP/R16B03)',
42 silly registry.get     etag: '"CLH7I4YY44YM3SO90G7I0Z5F0"',
42 silly registry.get     'content-type': 'application/json',
42 silly registry.get     'cache-control': 'max-age=300',
42 silly registry.get     'content-length': '90971',
42 silly registry.get     'accept-ranges': 'bytes',
42 silly registry.get     date: 'Thu, 07 Jan 2016 16:54:04 GMT',
42 silly registry.get     via: '1.1 varnish',
42 silly registry.get     age: '132',
42 silly registry.get     connection: 'keep-alive',
42 silly registry.get     'x-served-by': 'cache-ams4139-AMS',
42 silly registry.get     'x-cache': 'HIT',
42 silly registry.get     'x-cache-hits': '2',
42 silly registry.get     'x-timer': 'S1452185644.502904,VS0,VE0',
42 silly registry.get     vary: 'Accept' } ]
43 silly addNameRange number 2 { name: 'grunt', range: '*', hasData: true }
44 silly addNameRange versions [ 'grunt',
44 silly addNameRange   [ '0.1.0',
44 silly addNameRange     '0.1.1',
44 silly addNameRange     '0.1.2',
44 silly addNameRange     '0.2.0',
44 silly addNameRange     '0.2.1',
44 silly addNameRange     '0.2.2',
44 silly addNameRange     '0.2.3',
44 silly addNameRange     '0.2.4',
44 silly addNameRange     '0.2.5',
44 silly addNameRange     '0.2.6',
44 silly addNameRange     '0.2.7',
44 silly addNameRange     '0.2.8',
44 silly addNameRange     '0.2.9',
44 silly addNameRange     '0.2.10',
44 silly addNameRange     '0.2.11',
44 silly addNameRange     '0.2.12',
44 silly addNameRange     '0.2.13',
44 silly addNameRange     '0.2.14',
44 silly addNameRange     '0.2.15',
44 silly addNameRange     '0.3.0',
44 silly addNameRange     '0.3.1',
44 silly addNameRange     '0.3.2',
44 silly addNameRange     '0.3.3',
44 silly addNameRange     '0.3.4',
44 silly addNameRange     '0.3.5',
44 silly addNameRange     '0.3.6',
44 silly addNameRange     '0.3.7',
44 silly addNameRange     '0.3.8',
44 silly addNameRange     '0.3.9',
44 silly addNameRange     '0.3.10',
44 silly addNameRange     '0.3.11',
44 silly addNameRange     '0.3.12',
44 silly addNameRange     '0.3.13',
44 silly addNameRange     '0.3.14',
44 silly addNameRange     '0.3.15',
44 silly addNameRange     '0.3.16',
44 silly addNameRange     '0.3.17',
44 silly addNameRange     '0.4.0',
44 silly addNameRange     '0.4.1',
44 silly addNameRange     '0.4.2',
44 silly addNameRange     '0.4.3',
44 silly addNameRange     '0.4.4',
44 silly addNameRange     '0.4.5',
44 silly addNameRange     '0.3.13-a',
44 silly addNameRange     '0.4.0-a',
44 silly addNameRange     '0.4.0-rc1',
44 silly addNameRange     '0.4.0-rc2',
44 silly addNameRange     '0.4.0-rc3',
44 silly addNameRange     '0.4.0-rc4',
44 silly addNameRange     '0.4.0-rc5',
44 silly addNameRange     '0.4.0-rc6',
44 silly addNameRange     '0.4.0-rc7',
44 silly addNameRange     '0.4.0-rc8' ] ]
45 verbose addNamed [ 'grunt', '0.4.5' ]
46 verbose addNamed [ '0.4.5', '0.4.5' ]
47 silly lockFile 81abf7ad-grunt-0-4-5 grunt@0.4.5
48 verbose lock grunt@0.4.5 /home/vagrant/.npm/81abf7ad-grunt-0-4-5.lock
49 silly lockFile ea6cf2d1--npmjs-org-grunt-grunt-0-4-5-tgz https://registry.npmjs.org/grunt/-/grunt-0.4.5.tgz
50 verbose lock https://registry.npmjs.org/grunt/-/grunt-0.4.5.tgz /home/vagrant/.npm/ea6cf2d1--npmjs-org-grunt-grunt-0-4-5-tgz.lock
51 verbose addRemoteTarball [ 'https://registry.npmjs.org/grunt/-/grunt-0.4.5.tgz',
51 verbose addRemoteTarball   '56937cd5194324adff6d207631832a9d6ba4e7f0' ]
52 info retry fetch attempt 1 at 16:54:05
53 verbose fetch to= /tmp/npm-21568-MK_W4W72/registry.npmjs.org/grunt/-/grunt-0.4.5.tgz
54 http GET https://registry.npmjs.org/grunt/-/grunt-0.4.5.tgz
55 http 200 https://registry.npmjs.org/grunt/-/grunt-0.4.5.tgz
56 silly lockFile ea6cf2d1--npmjs-org-grunt-grunt-0-4-5-tgz https://registry.npmjs.org/grunt/-/grunt-0.4.5.tgz
57 silly lockFile ea6cf2d1--npmjs-org-grunt-grunt-0-4-5-tgz https://registry.npmjs.org/grunt/-/grunt-0.4.5.tgz
58 silly lockFile 81abf7ad-grunt-0-4-5 grunt@0.4.5
59 silly lockFile 81abf7ad-grunt-0-4-5 grunt@0.4.5
60 silly lockFile 55f1ff24-grunt grunt@
61 silly lockFile 55f1ff24-grunt grunt@
62 silly resolved [ { name: 'grunt',
62 silly resolved     description: 'The JavaScript Task Runner',
62 silly resolved     version: '0.4.5',
62 silly resolved     author: { name: '"Cowboy" Ben Alman', url: 'http://benalman.com/' },
62 silly resolved     homepage: 'http://gruntjs.com/',
62 silly resolved     repository: { type: 'git', url: 'git://github.com/gruntjs/grunt.git' },
62 silly resolved     bugs: { url: 'http://github.com/gruntjs/grunt/issues' },
62 silly resolved     licenses: [ [Object] ],
62 silly resolved     main: 'lib/grunt',
62 silly resolved     scripts: { test: 'grunt test' },
62 silly resolved     engines: { node: '>= 0.8.0' },
62 silly resolved     keywords:
62 silly resolved      [ 'task',
62 silly resolved        'async',
62 silly resolved        'cli',
62 silly resolved        'minify',
62 silly resolved        'uglify',
62 silly resolved        'build',
62 silly resolved        'lodash',
62 silly resolved        'unit',
62 silly resolved        'test',
62 silly resolved        'qunit',
62 silly resolved        'nodeunit',
62 silly resolved        'server',
62 silly resolved        'init',
62 silly resolved        'scaffold',
62 silly resolved        'make',
62 silly resolved        'jake',
62 silly resolved        'tool' ],
62 silly resolved     dependencies:
62 silly resolved      { async: '~0.1.22',
62 silly resolved        'coffee-script': '~1.3.3',
62 silly resolved        colors: '~0.6.2',
62 silly resolved        dateformat: '1.0.2-1.2.3',
62 silly resolved        eventemitter2: '~0.4.13',
62 silly resolved        'findup-sync': '~0.1.2',
62 silly resolved        glob: '~3.1.21',
62 silly resolved        hooker: '~0.2.3',
62 silly resolved        'iconv-lite': '~0.2.11',
62 silly resolved        minimatch: '~0.2.12',
62 silly resolved        nopt: '~1.0.10',
62 silly resolved        rimraf: '~2.2.8',
62 silly resolved        lodash: '~0.9.2',
62 silly resolved        'underscore.string': '~2.2.1',
62 silly resolved        which: '~1.0.5',
62 silly resolved        'js-yaml': '~2.0.5',
62 silly resolved        exit: '~0.1.1',
62 silly resolved        getobject: '~0.1.0',
62 silly resolved        'grunt-legacy-util': '~0.2.0',
62 silly resolved        'grunt-legacy-log': '~0.1.0' },
62 silly resolved     devDependencies:
62 silly resolved      { temporary: '~0.0.4',
62 silly resolved        'grunt-contrib-jshint': '~0.6.4',
62 silly resolved        'grunt-contrib-nodeunit': '~0.2.0',
62 silly resolved        'grunt-contrib-watch': '~0.5.3',
62 silly resolved        difflet: '~0.2.3',
62 silly resolved        semver: '2.1.0',
62 silly resolved        shelljs: '~0.2.5' },
62 silly resolved     _id: 'grunt@0.4.5',
62 silly resolved     dist:
62 silly resolved      { shasum: '56937cd5194324adff6d207631832a9d6ba4e7f0',
62 silly resolved        tarball: 'http://registry.npmjs.org/grunt/-/grunt-0.4.5.tgz' },
62 silly resolved     _from: 'grunt@',
62 silly resolved     _npmVersion: '1.4.4',
62 silly resolved     _npmUser: { name: 'cowboy', email: 'cowboy@rj3.net' },
62 silly resolved     maintainers: [ [Object], [Object] ],
62 silly resolved     directories: {},
62 silly resolved     _shasum: '56937cd5194324adff6d207631832a9d6ba4e7f0',
62 silly resolved     _resolved: 'https://registry.npmjs.org/grunt/-/grunt-0.4.5.tgz' } ]
63 info install grunt@0.4.5 into /usr/lib
64 info installOne grunt@0.4.5
65 verbose lib/node_modules/grunt unbuild
66 verbose tar unpack /home/vagrant/.npm/grunt/0.4.5/package.tgz
67 silly lockFile 8cad6651-tar-usr-lib-node-modules-grunt tar:///usr/lib/node_modules/grunt
68 verbose lock tar:///usr/lib/node_modules/grunt /home/vagrant/.npm/8cad6651-tar-usr-lib-node-modules-grunt.lock
69 silly lockFile 4b1948f8-rant-npm-grunt-0-4-5-package-tgz tar:///home/vagrant/.npm/grunt/0.4.5/package.tgz
70 verbose lock tar:///home/vagrant/.npm/grunt/0.4.5/package.tgz /home/vagrant/.npm/4b1948f8-rant-npm-grunt-0-4-5-package-tgz.lock
71 silly gunzTarPerm modes [ '775', '664' ]
72 error Error: EACCES, mkdir '/usr/lib/node_modules/grunt'
72 error  { [Error: EACCES, mkdir '/usr/lib/node_modules/grunt']
72 error   errno: 3,
72 error   code: 'EACCES',
72 error   path: '/usr/lib/node_modules/grunt',
72 error   fstream_type: 'Directory',
72 error   fstream_path: '/usr/lib/node_modules/grunt',
72 error   fstream_class: 'DirWriter',
72 error   fstream_stack:
72 error    [ '/usr/lib/node_modules/npm/node_modules/fstream/lib/dir-writer.js:36:23',
72 error      '/usr/lib/node_modules/npm/node_modules/mkdirp/index.js:46:53',
72 error      'Object.oncomplete (fs.js:108:15)' ] }
73 error Please try running this command again as root/Administrator.
74 error System Linux 3.13.0-63-generic
75 error command "/usr/bin/node" "/usr/bin/npm" "install" "grunt" "-g"
76 error cwd /vagrant/www
77 error node -v v0.10.41
78 error npm -v 1.4.29
79 error path /usr/lib/node_modules/grunt
80 error fstream_path /usr/lib/node_modules/grunt
81 error fstream_type Directory
82 error fstream_class DirWriter
83 error code EACCES
84 error errno 3
85 error stack Error: EACCES, mkdir '/usr/lib/node_modules/grunt'
86 error fstream_stack /usr/lib/node_modules/npm/node_modules/fstream/lib/dir-writer.js:36:23
86 error fstream_stack /usr/lib/node_modules/npm/node_modules/mkdirp/index.js:46:53
86 error fstream_stack Object.oncomplete (fs.js:108:15)
87 verbose exit [ 3, true ]
